\BOOKMARK [0][-]{MUTESCHAPTER.1.0}{\376\377\000R\000e\000s\000u\000m\000o}{}% 1
\BOOKMARK [0][-]{MUTESCHAPTER.2.0}{\376\377\000A\000b\000s\000t\000r\000a\000c\000t}{}% 2
\BOOKMARK [0][-]{MUTESCHAPTER.3.0}{\376\377\000L\000i\000s\000t\000a\000\040\000d\000e\000\040\000A\000b\000r\000e\000v\000i\000a\000t\000u\000r\000a\000s\000\040\000e\000\040\000S\000i\000g\000l\000a\000s}{}% 3
\BOOKMARK [0][-]{MUTESCHAPTER.4.0}{\376\377\000S\000u\000m\000\341\000r\000i\000o}{}% 4
\BOOKMARK [0][-]{CHAPTER.1}{\376\377\0001\000\040\000I\000n\000t\000r\000o\000d\000u\000\347\000\343\000o}{}% 5
\BOOKMARK [1][-]{section.1.1}{\376\377\0001\000.\0001\000\040\000M\000o\000t\000i\000v\000a\000\347\000\343\000o}{CHAPTER.1}% 6
\BOOKMARK [1][-]{section.1.2}{\376\377\0001\000.\0002\000\040\000O\000b\000j\000e\000t\000i\000v\000o\000s}{CHAPTER.1}% 7
\BOOKMARK [1][-]{section.1.3}{\376\377\0001\000.\0003\000\040\000C\000o\000n\000t\000r\000i\000b\000u\000i\000\347\000\343\000o}{CHAPTER.1}% 8
\BOOKMARK [1][-]{section.1.4}{\376\377\0001\000.\0004\000\040\000E\000s\000t\000r\000u\000t\000u\000r\000a\000\040\000d\000o\000\040\000T\000r\000a\000b\000a\000l\000h\000o}{CHAPTER.1}% 9
\BOOKMARK [0][-]{CHAPTER.2}{\376\377\0002\000\040\000F\000u\000n\000d\000a\000m\000e\000n\000t\000a\000\347\000\343\000o\000\040\000T\000e\000\363\000r\000i\000c\000a}{}% 10
\BOOKMARK [1][-]{section.2.1}{\376\377\0002\000.\0001\000\040\000S\000m\000a\000r\000t\000\040\000G\000r\000i\000d\000s}{CHAPTER.2}% 11
\BOOKMARK [2][-]{subsection.2.1.1}{\376\377\0002\000.\0001\000.\0001\000\040\000M\000o\000t\000i\000v\000a\000\347\000\343\000o}{section.2.1}% 12
\BOOKMARK [2][-]{subsection.2.1.2}{\376\377\0002\000.\0001\000.\0002\000\040\000A\000r\000q\000u\000i\000t\000e\000t\000u\000r\000a}{section.2.1}% 13
\BOOKMARK [2][-]{subsection.2.1.3}{\376\377\0002\000.\0001\000.\0003\000\040\000A\000m\000e\000a\000\347\000a\000s}{section.2.1}% 14
\BOOKMARK [3][-]{subsubsection.2.1.3.1}{\376\377\0002\000.\0001\000.\0003\000.\0001\000\040\000A\000t\000a\000q\000u\000e\000s\000\040\000a\000\040\000d\000i\000s\000p\000o\000s\000i\000t\000i\000v\000o\000s}{subsection.2.1.3}% 15
\BOOKMARK [3][-]{subsubsection.2.1.3.2}{\376\377\0002\000.\0001\000.\0003\000.\0002\000\040\000A\000t\000a\000q\000u\000e\000s\000\040\000d\000e\000\040\000d\000a\000d\000o\000s}{subsection.2.1.3}% 16
\BOOKMARK [3][-]{subsubsection.2.1.3.3}{\376\377\0002\000.\0001\000.\0003\000.\0003\000\040\000A\000t\000a\000q\000u\000e\000s\000\040\000d\000e\000\040\000p\000r\000i\000v\000a\000c\000i\000d\000a\000d\000e}{subsection.2.1.3}% 17
\BOOKMARK [3][-]{subsubsection.2.1.3.4}{\376\377\0002\000.\0001\000.\0003\000.\0004\000\040\000A\000t\000a\000q\000u\000e\000s\000\040\000d\000e\000\040\000d\000i\000s\000p\000o\000n\000i\000b\000i\000l\000i\000d\000a\000d\000e}{subsection.2.1.3}% 18
\BOOKMARK [1][-]{section.2.2}{\376\377\0002\000.\0002\000\040\000M\000e\000c\000a\000n\000i\000s\000m\000o\000s\000\040\000d\000e\000\040\000S\000e\000g\000u\000r\000a\000n\000\347\000a}{CHAPTER.2}% 19
\BOOKMARK [2][-]{subsection.2.2.1}{\376\377\0002\000.\0002\000.\0001\000\040\000N\000o\000r\000m\000a\000s\000\040\000d\000e\000\040\000S\000e\000g\000u\000r\000a\000n\000\347\000a}{section.2.2}% 20
\BOOKMARK [2][-]{subsection.2.2.2}{\376\377\0002\000.\0002\000.\0002\000\040\000M\000e\000c\000a\000n\000i\000s\000m\000o\000s\000\040\000d\000e\000\040\000D\000e\000t\000e\000c\000\347\000\343\000o\000\040\000d\000e\000\040\000I\000n\000t\000r\000u\000s\000\343\000o}{section.2.2}% 21
\BOOKMARK [3][-]{subsubsection.2.2.2.1}{\376\377\0002\000.\0002\000.\0002\000.\0001\000\040\000C\000l\000a\000s\000s\000i\000f\000i\000c\000a\000\347\000\343\000o\000\040\000d\000e\000\040\000T\000r\000\341\000f\000e\000g\000o\000\040\000c\000o\000m\000\040\000a\000l\000g\000o\000r\000i\000t\000m\000o\000s\000\040\000d\000e\000\040\000A\000p\000r\000e\000n\000d\000i\000z\000a\000d\000o\000\040\000d\000e\000\040\000M\000\341\000q\000u\000i\000n\000a}{subsection.2.2.2}% 22
\BOOKMARK [1][-]{section.2.3}{\376\377\0002\000.\0003\000\040\000F\000e\000r\000r\000a\000m\000e\000n\000t\000a\000s\000\040\000d\000e\000\040\000S\000i\000m\000u\000l\000a\000\347\000\343\000o}{CHAPTER.2}% 23
\BOOKMARK [2][-]{subsection.2.3.1}{\376\377\0002\000.\0003\000.\0001\000\040\000V\000i\000r\000t\000u\000a\000P\000l\000a\000n\000t}{section.2.3}% 24
\BOOKMARK [2][-]{subsection.2.3.2}{\376\377\0002\000.\0003\000.\0002\000\040\000M\000o\000s\000a\000i\000k}{section.2.3}% 25
\BOOKMARK [2][-]{subsection.2.3.3}{\376\377\0002\000.\0003\000.\0003\000\040\000S\000C\000A\000D\000A\000S\000i\000m}{section.2.3}% 26
\BOOKMARK [2][-]{subsection.2.3.4}{\376\377\0002\000.\0003\000.\0004\000\040\000M\000o\000d\000b\000u\000s\000\040\000P\000L\000C\000\040\000S\000i\000m\000u\000l\000a\000t\000o\000r}{section.2.3}% 27
\BOOKMARK [2][-]{subsection.2.3.5}{\376\377\0002\000.\0003\000.\0005\000\040\000C\000o\000m\000p\000a\000r\000a\000\347\000\343\000o\000\040\000e\000n\000t\000r\000e\000\040\000f\000e\000r\000r\000a\000m\000e\000n\000t\000a\000s\000\040\000d\000e\000\040\000s\000i\000m\000u\000l\000a\000\347\000\343\000o}{section.2.3}% 28
\BOOKMARK [0][-]{CHAPTER.3}{\376\377\0003\000\040\000M\000o\000d\000e\000l\000a\000g\000e\000m\000\040\000e\000\040\000D\000e\000s\000e\000n\000v\000o\000l\000v\000i\000m\000e\000n\000t\000o}{}% 29
\BOOKMARK [1][-]{section.3.1}{\376\377\0003\000.\0001\000\040\000S\000i\000m\000u\000l\000a\000\347\000\343\000o\000\040\000d\000a\000\040\000e\000s\000t\000r\000u\000t\000u\000r\000a\000\040\000d\000e\000\040\000s\000m\000a\000r\000t\000\040\000g\000r\000i\000d\000\040\000c\000o\000m\000\040\000F\000r\000a\000m\000e\000w\000o\000r\000k\000\040\000A\000S\000T\000O\000R\000I\000A}{CHAPTER.3}% 30
\BOOKMARK [2][-]{subsection.3.1.1}{\376\377\0003\000.\0001\000.\0001\000\040\000n\000s\000-\0003}{section.3.1}% 31
\BOOKMARK [2][-]{subsection.3.1.2}{\376\377\0003\000.\0001\000.\0002\000\040\000I\000n\000t\000e\000g\000r\000a\000\347\000\343\000o\000\040\000e\000n\000t\000r\000e\000\040\000a\000s\000\040\000f\000e\000r\000r\000a\000m\000e\000n\000t\000a\000s}{section.3.1}% 32
\BOOKMARK [2][-]{subsection.3.1.3}{\376\377\0003\000.\0001\000.\0003\000\040\000S\000i\000m\000u\000l\000a\000\347\000\343\000o\000\040\000d\000o\000\040\000a\000m\000b\000i\000e\000n\000t\000e\000\040\000s\000m\000a\000r\000t\000\040\000g\000r\000i\000d}{section.3.1}% 33
\BOOKMARK [1][-]{section.3.2}{\376\377\0003\000.\0002\000\040\000M\000e\000c\000a\000n\000i\000s\000m\000o\000\040\000d\000e\000\040\000D\000e\000t\000e\000c\000\347\000\343\000o\000\040\000d\000e\000\040\000I\000n\000t\000r\000u\000s\000\343\000o}{CHAPTER.3}% 34
\BOOKMARK [0][-]{CHAPTER.4}{\376\377\0004\000\040\000I\000m\000p\000l\000e\000m\000e\000n\000t\000a\000\347\000\343\000o\000\040\000e\000\040\000A\000n\000\341\000l\000i\000s\000e\000\040\000d\000e\000\040\000R\000e\000s\000u\000l\000t\000a\000d\000o\000s}{}% 35
\BOOKMARK [1][-]{section.4.1}{\376\377\0004\000.\0001\000\040\000I\000m\000p\000l\000e\000m\000e\000n\000t\000a\000\347\000\343\000o\000\040\000d\000o\000s\000\040\000M\000e\000c\000a\000n\000i\000s\000m\000o\000s\000\040\000d\000e\000\040\000D\000e\000t\000e\000c\000\347\000\343\000o}{CHAPTER.4}% 36
\BOOKMARK [1][-]{section.4.2}{\376\377\0004\000.\0002\000\040\000E\000x\000e\000c\000u\000\347\000\343\000o\000\040\000d\000o\000s\000\040\000E\000x\000p\000e\000r\000i\000m\000e\000n\000t\000o\000s}{CHAPTER.4}% 37
\BOOKMARK [1][-]{section.4.3}{\376\377\0004\000.\0003\000\040\000A\000n\000\341\000l\000i\000s\000e\000\040\000d\000o\000s\000\040\000R\000e\000s\000u\000l\000t\000a\000d\000o\000s}{CHAPTER.4}% 38
\BOOKMARK [0][-]{CHAPTER.5}{\376\377\0005\000\040\000C\000o\000n\000c\000l\000u\000s\000\343\000o\000\040\000e\000\040\000T\000r\000a\000b\000a\000l\000h\000o\000s\000\040\000F\000u\000t\000u\000r\000o\000s}{}% 39
\BOOKMARK [1][-]{section.5.1}{\376\377\0005\000.\0001\000\040\000R\000e\000s\000u\000m\000o\000\040\000d\000e\000\040\000C\000o\000n\000t\000r\000i\000b\000u\000i\000\347\000\365\000e\000s}{CHAPTER.5}% 40
\BOOKMARK [1][-]{section.5.2}{\376\377\0005\000.\0002\000\040\000T\000r\000a\000b\000a\000l\000h\000o\000s\000\040\000F\000u\000t\000u\000r\000o\000s}{CHAPTER.5}% 41
\BOOKMARK [0][-]{schapter.5}{\376\377\000R\000e\000f\000e\000r\000\352\000n\000c\000i\000a\000s}{}% 42
